2017/03/21 14:35:45:1160: --------------------------------------------------
2017/03/21 14:35:45:1650: Index was outside the bounds of the array.
2017/03/21 14:35:45:1660: 
2017/03/21 14:35:45:1670: Processed in 0.088 seconds
2017/03/21 14:36:37:6020: --------------------------------------------------
2017/03/21 14:36:37:6510: 
2017/03/21 14:36:37:6550: Processed in 0.081 seconds
2017/03/21 14:37:11:0650: --------------------------------------------------
2017/03/21 14:37:11:1160: Please pass a parameter
2017/03/21 14:37:11:1190: 
2017/03/21 14:37:11:1220: Processed in 0.089 seconds
2017/03/21 14:37:23:5120: --------------------------------------------------
2017/03/21 14:37:23:5600: Calculate the size of "c:\keith"
2017/03/21 14:37:29:3210: 	869.797879 MB -- 912049181 bytes
2017/03/21 14:37:29:3220: 
2017/03/21 14:37:29:3230: Processed in 5.846 seconds
2017/03/21 15:56:56:2820: --------------------------------------------------
2017/03/21 15:56:56:3470: Calculate the size of "c:\EAComms\"
2017/03/21 16:01:32:8000: 	48.377959 GB -- 51945437704 bytes
2017/03/21 16:01:32:8020: 
2017/03/21 16:01:32:8030: Processed in 276.582 seconds
2017/03/22 10:06:17:9380: --------------------------------------------------
2017/03/22 10:06:17:9870: Please provide a valid path
2017/03/22 10:06:17:9890: 
2017/03/22 10:06:17:9900: Processed in 0.098 seconds
2017/03/22 10:06:24:9960: --------------------------------------------------
2017/03/22 10:06:25:0400: Calculate the size of "C:\FirmwareVerification\Fixture Maintenance"
2017/03/22 10:06:28:1430: 	420.880424 MB -- 441325111 bytes
2017/03/22 10:06:28:1440: 
2017/03/22 10:06:28:1450: Processed in 3.199 seconds
